Release 14.7 - xst P.20131013 (nt64)
Copyright (c) 1995-2013 Xilinx, Inc.  All rights reserved.
--> Parameter TMPDIR set to xst/projnav.tmp


Total REAL time to Xst completion: 0.00 secs
Total CPU time to Xst completion: 0.11 secs
 
--> Parameter xsthdpdir set to xst


Total REAL time to Xst completion: 0.00 secs
Total CPU time to Xst completion: 0.11 secs
 
--> Reading design: symulacja.prj

TABLE OF CONTENTS
  1) Synthesis Options Summary
  2) HDL Compilation
  3) Design Hierarchy Analysis
  4) HDL Analysis
  5) HDL Synthesis
     5.1) HDL Synthesis Report
  6) Advanced HDL Synthesis
     6.1) Advanced HDL Synthesis Report
  7) Low Level Synthesis
  8) Partition Report
  9) Final Report
	9.1) Device utilization summary
	9.2) Partition Resource Summary
	9.3) TIMING REPORT


=========================================================================
*                      Synthesis Options Summary                        *
=========================================================================
---- Source Parameters
Input File Name                    : "symulacja.prj"
Input Format                       : mixed
Ignore Synthesis Constraint File   : NO

---- Target Parameters
Output File Name                   : "symulacja"
Output Format                      : NGC
Target Device                      : xc3s500e-4-fg320

---- Source Options
Top Module Name                    : symulacja
Automatic FSM Extraction           : YES
FSM Encoding Algorithm             : Auto
Safe Implementation                : No
FSM Style                          : LUT
RAM Extraction                     : Yes
RAM Style                          : Auto
ROM Extraction                     : Yes
Mux Style                          : Auto
Decoder Extraction                 : YES
Priority Encoder Extraction        : Yes
Shift Register Extraction          : YES
Logical Shifter Extraction         : YES
XOR Collapsing                     : YES
ROM Style                          : Auto
Mux Extraction                     : Yes
Resource Sharing                   : YES
Asynchronous To Synchronous        : NO
Multiplier Style                   : Auto
Automatic Register Balancing       : No

---- Target Options
Add IO Buffers                     : YES
Global Maximum Fanout              : 100000
Add Generic Clock Buffer(BUFG)     : 24
Register Duplication               : YES
Slice Packing                      : YES
Optimize Instantiated Primitives   : NO
Use Clock Enable                   : Yes
Use Synchronous Set                : Yes
Use Synchronous Reset              : Yes
Pack IO Registers into IOBs        : Auto
Equivalent register Removal        : YES

---- General Options
Optimization Goal                  : Speed
Optimization Effort                : 1
Keep Hierarchy                     : No
Netlist Hierarchy                  : As_Optimized
RTL Output                         : Yes
Global Optimization                : AllClockNets
Read Cores                         : YES
Write Timing Constraints           : NO
Cross Clock Analysis               : NO
Hierarchy Separator                : /
Bus Delimiter                      : <>
Case Specifier                     : Maintain
Slice Utilization Ratio            : 100
BRAM Utilization Ratio             : 100
Verilog 2001                       : YES
Auto BRAM Packing                  : NO
Slice Utilization Ratio Delta      : 5

=========================================================================


=========================================================================
*                          HDL Compilation                              *
=========================================================================
Compiling vhdl file "C:/Xilinx/project/lab3_rejestry/clk_gen_50.vhd" in Library work.
Architecture behav of Entity clk_gen_50 is up to date.
Compiling vhdl file "C:/Xilinx/project/lab3_rejestry/symulacja.vhf" in Library work.
Entity <dekoder_MUSER_symulacja> compiled.
Entity <dekoder_MUSER_symulacja> (Architecture <BEHAVIORAL>) compiled.
Entity <koder1zN_MUSER_symulacja> compiled.
Entity <koder1zN_MUSER_symulacja> (Architecture <BEHAVIORAL>) compiled.
Entity <symulacja> compiled.
Entity <symulacja> (Architecture <BEHAVIORAL>) compiled.
Compiling vhdl file "C:/Xilinx/project/lab3_rejestry/dekoder.vhf" in Library work.
Entity <dekoder> compiled.
Entity <dekoder> (Architecture <BEHAVIORAL>) compiled.
Compiling vhdl file "C:/Xilinx/project/lab3_rejestry/koder1zN.vhf" in Library work.
Entity <koder1zN> compiled.
Entity <koder1zN> (Architecture <BEHAVIORAL>) compiled.

=========================================================================
*                     Design Hierarchy Analysis                         *
=========================================================================
Analyzing hierarchy for entity <symulacja> in library <work> (architecture <BEHAVIORAL>).

Analyzing hierarchy for entity <clk_gen_50> in library <work> (architecture <behav>) with generics.
	F1 = 24
	F2 = 7

Analyzing hierarchy for entity <koder1zN_MUSER_symulacja> in library <work> (architecture <BEHAVIORAL>).

Analyzing hierarchy for entity <dekoder_MUSER_symulacja> in library <work> (architecture <BEHAVIORAL>).


=========================================================================
*                            HDL Analysis                               *
=========================================================================
Analyzing Entity <symulacja> in library <work> (Architecture <BEHAVIORAL>).
    Set user-defined property "LOC =  B8" for signal <clk> in unit <symulacja>.
    Set user-defined property "LOC =  M13" for signal <B0> in unit <symulacja>.
    Set user-defined property "LOC =  R18" for signal <B1> in unit <symulacja>.
    Set user-defined property "LOC =  R15" for signal <B2> in unit <symulacja>.
    Set user-defined property "LOC =  T17" for signal <B3> in unit <symulacja>.
    Set user-defined property "LOC =  L15" for signal <Q0> in unit <symulacja>.
    Set user-defined property "LOC =  K12" for signal <Q1> in unit <symulacja>.
    Set user-defined property "LOC =  L17" for signal <Q2> in unit <symulacja>.
    Set user-defined property "LOC =  M15" for signal <Q3> in unit <symulacja>.
    Set user-defined property "LOC =  K13" for signal <Q4> in unit <symulacja>.
    Set user-defined property "LOC =  L16" for signal <Q5> in unit <symulacja>.
WARNING:Xst:753 - "C:/Xilinx/project/lab3_rejestry/symulacja.vhf" line 261: Unconnected output port 'f_1' of component 'clk_gen_50'.
Entity <symulacja> analyzed. Unit <symulacja> generated.

Analyzing generic Entity <clk_gen_50> in library <work> (Architecture <behav>).
	F1 = 24
	F2 = 7
Entity <clk_gen_50> analyzed. Unit <clk_gen_50> generated.

Analyzing Entity <koder1zN_MUSER_symulacja> in library <work> (Architecture <BEHAVIORAL>).
    Set user-defined property "INIT =  0" for instance <XLXI_1> in unit <koder1zN_MUSER_symulacja>.
    Set user-defined property "INIT =  0" for instance <XLXI_3> in unit <koder1zN_MUSER_symulacja>.
    Set user-defined property "INIT =  0" for instance <XLXI_4> in unit <koder1zN_MUSER_symulacja>.
    Set user-defined property "INIT =  0" for instance <XLXI_5> in unit <koder1zN_MUSER_symulacja>.
    Set user-defined property "INIT =  0" for instance <XLXI_6> in unit <koder1zN_MUSER_symulacja>.
    Set user-defined property "INIT =  0" for instance <XLXI_8> in unit <koder1zN_MUSER_symulacja>.
Entity <koder1zN_MUSER_symulacja> analyzed. Unit <koder1zN_MUSER_symulacja> generated.

Analyzing Entity <dekoder_MUSER_symulacja> in library <work> (Architecture <BEHAVIORAL>).
Entity <dekoder_MUSER_symulacja> analyzed. Unit <dekoder_MUSER_symulacja> generated.


=========================================================================
*                           HDL Synthesis                               *
=========================================================================

Performing bidirectional port resolution...

Synthesizing Unit <clk_gen_50>.
    Related source file is "C:/Xilinx/project/lab3_rejestry/clk_gen_50.vhd".
    Found 32-bit up counter for signal <counter>.
    Summary:
	inferred   1 Counter(s).
Unit <clk_gen_50> synthesized.


Synthesizing Unit <koder1zN_MUSER_symulacja>.
    Related source file is "C:/Xilinx/project/lab3_rejestry/symulacja.vhf".
Unit <koder1zN_MUSER_symulacja> synthesized.


Synthesizing Unit <dekoder_MUSER_symulacja>.
    Related source file is "C:/Xilinx/project/lab3_rejestry/symulacja.vhf".
WARNING:Xst:647 - Input <Q1> is never used. This port will be preserved and left unconnected if it belongs to a top-level block or it belongs to a sub-block and the hierarchy of this sub-block is preserved.
Unit <dekoder_MUSER_symulacja> synthesized.


Synthesizing Unit <symulacja>.
    Related source file is "C:/Xilinx/project/lab3_rejestry/symulacja.vhf".
Unit <symulacja> synthesized.


=========================================================================
HDL Synthesis Report

Macro Statistics
# Counters                                             : 1
 32-bit up counter                                     : 1

=========================================================================

=========================================================================
*                       Advanced HDL Synthesis                          *
=========================================================================


=========================================================================
Advanced HDL Synthesis Report

Macro Statistics
# Counters                                             : 1
 32-bit up counter                                     : 1
# Registers                                            : 6
 Flip-Flops                                            : 6

=========================================================================

=========================================================================
*                         Low Level Synthesis                           *
=========================================================================
WARNING:Xst:2677 - Node <XLXI_1/counter_8> of sequential type is unconnected in block <symulacja>.
WARNING:Xst:2677 - Node <XLXI_1/counter_9> of sequential type is unconnected in block <symulacja>.
WARNING:Xst:2677 - Node <XLXI_1/counter_10> of sequential type is unconnected in block <symulacja>.
WARNING:Xst:2677 - Node <XLXI_1/counter_11> of sequential type is unconnected in block <symulacja>.
WARNING:Xst:2677 - Node <XLXI_1/counter_12> of sequential type is unconnected in block <symulacja>.
WARNING:Xst:2677 - Node <XLXI_1/counter_13> of sequential type is unconnected in block <symulacja>.
WARNING:Xst:2677 - Node <XLXI_1/counter_14> of sequential type is unconnected in block <symulacja>.
WARNING:Xst:2677 - Node <XLXI_1/counter_15> of sequential type is unconnected in block <symulacja>.
WARNING:Xst:2677 - Node <XLXI_1/counter_16> of sequential type is unconnected in block <symulacja>.
WARNING:Xst:2677 - Node <XLXI_1/counter_17> of sequential type is unconnected in block <symulacja>.
WARNING:Xst:2677 - Node <XLXI_1/counter_18> of sequential type is unconnected in block <symulacja>.
WARNING:Xst:2677 - Node <XLXI_1/counter_19> of sequential type is unconnected in block <symulacja>.
WARNING:Xst:2677 - Node <XLXI_1/counter_20> of sequential type is unconnected in block <symulacja>.
WARNING:Xst:2677 - Node <XLXI_1/counter_21> of sequential type is unconnected in block <symulacja>.
WARNING:Xst:2677 - Node <XLXI_1/counter_22> of sequential type is unconnected in block <symulacja>.
WARNING:Xst:2677 - Node <XLXI_1/counter_23> of sequential type is unconnected in block <symulacja>.
WARNING:Xst:2677 - Node <XLXI_1/counter_24> of sequential type is unconnected in block <symulacja>.
WARNING:Xst:2677 - Node <XLXI_1/counter_25> of sequential type is unconnected in block <symulacja>.
WARNING:Xst:2677 - Node <XLXI_1/counter_26> of sequential type is unconnected in block <symulacja>.
WARNING:Xst:2677 - Node <XLXI_1/counter_27> of sequential type is unconnected in block <symulacja>.
WARNING:Xst:2677 - Node <XLXI_1/counter_28> of sequential type is unconnected in block <symulacja>.
WARNING:Xst:2677 - Node <XLXI_1/counter_29> of sequential type is unconnected in block <symulacja>.
WARNING:Xst:2677 - Node <XLXI_1/counter_30> of sequential type is unconnected in block <symulacja>.
WARNING:Xst:2677 - Node <XLXI_1/counter_31> of sequential type is unconnected in block <symulacja>.

Optimizing unit <symulacja> ...

Mapping all equations...
Building and optimizing final netlist ...
Found area constraint ratio of 100 (+ 5) on block symulacja, actual ratio is 0.

Final Macro Processing ...

=========================================================================
Final Register Report

Macro Statistics
# Registers                                            : 14
 Flip-Flops                                            : 14

=========================================================================

=========================================================================
*                           Partition Report                            *
=========================================================================

Partition Implementation Status
-------------------------------

  No Partitions were found in this design.

-------------------------------

=========================================================================
*                            Final Report                               *
=========================================================================
Final Results
RTL Top Level Output File Name     : symulacja.ngr
Top Level Output File Name         : symulacja
Output Format                      : NGC
Optimization Goal                  : Speed
Keep Hierarchy                     : No

Design Statistics
# IOs                              : 11

Cell Usage :
# BELS                             : 29
#      GND                         : 1
#      INV                         : 1
#      LUT1                        : 7
#      MUXCY                       : 7
#      OR2                         : 2
#      OR3                         : 1
#      OR4                         : 1
#      VCC                         : 1
#      XORCY                       : 8
# FlipFlops/Latches                : 14
#      FD                          : 14
# Clock Buffers                    : 1
#      BUFGP                       : 1
# IO Buffers                       : 10
#      OBUF                        : 10
# Logical                          : 1
#      NOR5                        : 1
=========================================================================

Device utilization summary:
---------------------------

Selected Device : 3s500efg320-4 

 Number of Slices:                        7  out of   4656     0%  
 Number of Slice Flip Flops:             14  out of   9312     0%  
 Number of 4 input LUTs:                  8  out of   9312     0%  
 Number of IOs:                          11
 Number of bonded IOBs:                  11  out of    232     4%  
 Number of GCLKs:                         1  out of     24     4%  

---------------------------
Partition Resource Summary:
---------------------------

  No Partitions were found in this design.

---------------------------


=========================================================================
TIMING REPORT

NOTE: THESE TIMING NUMBERS ARE ONLY A SYNTHESIS ESTIMATE.
      FOR ACCURATE TIMING INFORMATION PLEASE REFER TO THE TRACE REPORT
      GENERATED AFTER PLACE-and-ROUTE.

Clock Information:
------------------
-----------------------------------+------------------------+-------+
Clock Signal                       | Clock buffer(FF name)  | Load  |
-----------------------------------+------------------------+-------+
XLXI_1/counter_7                   | NONE(XLXI_2/XLXI_8)    | 6     |
clk                                | BUFGP                  | 8     |
-----------------------------------+------------------------+-------+
INFO:Xst:2169 - HDL ADVISOR - Some clock signals were not automatically buffered by XST with BUFG/BUFR resources. Please use the buffer_type constraint in order to insert these buffers to the clock signals to help prevent skew problems.

Asynchronous Control Signals Information:
----------------------------------------
No asynchronous control signals found in this design

Timing Summary:
---------------
Speed Grade: -4

   Minimum period: 3.761ns (Maximum Frequency: 265.887MHz)
   Minimum input arrival time before clock: No path found
   Maximum output required time after clock: 5.656ns
   Maximum combinational path delay: No path found

Timing Detail:
--------------
All values displayed in nanoseconds (ns)

=========================================================================
Timing constraint: Default period analysis for Clock 'XLXI_1/counter_7'
  Clock period: 2.692ns (frequency: 371.471MHz)
  Total number of paths / destination ports: 10 / 6
-------------------------------------------------------------------------
Delay:               2.692ns (Levels of Logic = 1)
  Source:            XLXI_2/XLXI_4 (FF)
  Destination:       XLXI_2/XLXI_6 (FF)
  Source Clock:      XLXI_1/counter_7 rising
  Destination Clock: XLXI_1/counter_7 rising

  Data Path: XLXI_2/XLXI_4 to XLXI_2/XLXI_6
                                Gate     Net
    Cell:in->out      fanout   Delay   Delay  Logical Name (Net Name)
    ----------------------------------------  ------------
     FD:C->Q               6   0.591   0.669  XLXI_2/XLXI_4 (Q4_OBUF)
     NOR5:I0->O            1   0.704   0.420  XLXI_2/XLXI_9 (XLXI_2/XLXN_15)
     FD:D                      0.308          XLXI_2/XLXI_6
    ----------------------------------------
    Total                      2.692ns (1.603ns logic, 1.089ns route)
                                       (59.5% logic, 40.5% route)

=========================================================================
Timing constraint: Default period analysis for Clock 'clk'
  Clock period: 3.761ns (frequency: 265.887MHz)
  Total number of paths / destination ports: 36 / 8
-------------------------------------------------------------------------
Delay:               3.761ns (Levels of Logic = 8)
  Source:            XLXI_1/counter_1 (FF)
  Destination:       XLXI_1/counter_7 (FF)
  Source Clock:      clk rising
  Destination Clock: clk rising

  Data Path: XLXI_1/counter_1 to XLXI_1/counter_7
                                Gate     Net
    Cell:in->out      fanout   Delay   Delay  Logical Name (Net Name)
    ----------------------------------------  ------------
     FD:C->Q               1   0.591   0.595  XLXI_1/counter_1 (XLXI_1/counter_1)
     LUT1:I0->O            1   0.704   0.000  XLXI_1/Mcount_counter_cy<1>_rt (XLXI_1/Mcount_counter_cy<1>_rt)
     MUXCY:S->O            1   0.464   0.000  XLXI_1/Mcount_counter_cy<1> (XLXI_1/Mcount_counter_cy<1>)
     MUXCY:CI->O           1   0.059   0.000  XLXI_1/Mcount_counter_cy<2> (XLXI_1/Mcount_counter_cy<2>)
     MUXCY:CI->O           1   0.059   0.000  XLXI_1/Mcount_counter_cy<3> (XLXI_1/Mcount_counter_cy<3>)
     MUXCY:CI->O           1   0.059   0.000  XLXI_1/Mcount_counter_cy<4> (XLXI_1/Mcount_counter_cy<4>)
     MUXCY:CI->O           1   0.059   0.000  XLXI_1/Mcount_counter_cy<5> (XLXI_1/Mcount_counter_cy<5>)
     MUXCY:CI->O           0   0.059   0.000  XLXI_1/Mcount_counter_cy<6> (XLXI_1/Mcount_counter_cy<6>)
     XORCY:CI->O           1   0.804   0.000  XLXI_1/Mcount_counter_xor<7> (Result<7>)
     FD:D                      0.308          XLXI_1/counter_7
    ----------------------------------------
    Total                      3.761ns (3.166ns logic, 0.595ns route)
                                       (84.2% logic, 15.8% route)

=========================================================================
Timing constraint: Default OFFSET OUT AFTER for Clock 'XLXI_1/counter_7'
  Total number of paths / destination ports: 17 / 10
-------------------------------------------------------------------------
Offset:              5.656ns (Levels of Logic = 2)
  Source:            XLXI_2/XLXI_3 (FF)
  Destination:       B0 (PAD)
  Source Clock:      XLXI_1/counter_7 rising

  Data Path: XLXI_2/XLXI_3 to B0
                                Gate     Net
    Cell:in->out      fanout   Delay   Delay  Logical Name (Net Name)
    ----------------------------------------  ------------
     FD:C->Q               6   0.591   0.669  XLXI_2/XLXI_3 (Q3_OBUF)
     OR4:I2->O             1   0.704   0.420  XLXI_3/XLXI_7 (B3_OBUF)
     OBUF:I->O                 3.272          B3_OBUF (B3)
    ----------------------------------------
    Total                      5.656ns (4.567ns logic, 1.089ns route)
                                       (80.7% logic, 19.3% route)

=========================================================================


Total REAL time to Xst completion: 5.00 secs
Total CPU time to Xst completion: 4.58 secs
 
--> 

Total memory usage is 310764 kilobytes

Number of errors   :    0 (   0 filtered)
Number of warnings :   26 (   0 filtered)
Number of infos    :    1 (   0 filtered)

