Release 14.7 - xst P.20131013 (nt64)
Copyright (c) 1995-2013 Xilinx, Inc.  All rights reserved.
--> Parameter TMPDIR set to xst/projnav.tmp


Total REAL time to Xst completion: 0.00 secs
Total CPU time to Xst completion: 0.11 secs
 
--> Parameter xsthdpdir set to xst


Total REAL time to Xst completion: 0.00 secs
Total CPU time to Xst completion: 0.11 secs
 
--> Reading design: symulacja_Johnson.prj

TABLE OF CONTENTS
  1) Synthesis Options Summary
  2) HDL Compilation
  3) Design Hierarchy Analysis
  4) HDL Analysis
  5) HDL Synthesis
     5.1) HDL Synthesis Report
  6) Advanced HDL Synthesis
     6.1) Advanced HDL Synthesis Report
  7) Low Level Synthesis
  8) Partition Report
  9) Final Report
	9.1) Device utilization summary
	9.2) Partition Resource Summary
	9.3) TIMING REPORT


=========================================================================
*                      Synthesis Options Summary                        *
=========================================================================
---- Source Parameters
Input File Name                    : "symulacja_Johnson.prj"
Input Format                       : mixed
Ignore Synthesis Constraint File   : NO

---- Target Parameters
Output File Name                   : "symulacja_Johnson"
Output Format                      : NGC
Target Device                      : xc3s500e-4-fg320

---- Source Options
Top Module Name                    : symulacja_Johnson
Automatic FSM Extraction           : YES
FSM Encoding Algorithm             : Auto
Safe Implementation                : No
FSM Style                          : LUT
RAM Extraction                     : Yes
RAM Style                          : Auto
ROM Extraction                     : Yes
Mux Style                          : Auto
Decoder Extraction                 : YES
Priority Encoder Extraction        : Yes
Shift Register Extraction          : YES
Logical Shifter Extraction         : YES
XOR Collapsing                     : YES
ROM Style                          : Auto
Mux Extraction                     : Yes
Resource Sharing                   : YES
Asynchronous To Synchronous        : NO
Multiplier Style                   : Auto
Automatic Register Balancing       : No

---- Target Options
Add IO Buffers                     : YES
Global Maximum Fanout              : 100000
Add Generic Clock Buffer(BUFG)     : 24
Register Duplication               : YES
Slice Packing                      : YES
Optimize Instantiated Primitives   : NO
Use Clock Enable                   : Yes
Use Synchronous Set                : Yes
Use Synchronous Reset              : Yes
Pack IO Registers into IOBs        : Auto
Equivalent register Removal        : YES

---- General Options
Optimization Goal                  : Speed
Optimization Effort                : 1
Keep Hierarchy                     : No
Netlist Hierarchy                  : As_Optimized
RTL Output                         : Yes
Global Optimization                : AllClockNets
Read Cores                         : YES
Write Timing Constraints           : NO
Cross Clock Analysis               : NO
Hierarchy Separator                : /
Bus Delimiter                      : <>
Case Specifier                     : Maintain
Slice Utilization Ratio            : 100
BRAM Utilization Ratio             : 100
Verilog 2001                       : YES
Auto BRAM Packing                  : NO
Slice Utilization Ratio Delta      : 5

=========================================================================


=========================================================================
*                          HDL Compilation                              *
=========================================================================
Compiling vhdl file "C:/Xilinx/project/lab3_rejestry/clk_gen_50.vhd" in Library work.
Architecture behav of Entity clk_gen_50 is up to date.
Compiling vhdl file "C:/Xilinx/project/lab3_rejestry/symulacja_Johnson.vhf" in Library work.
Entity <dekoderjohnson_muser_symulacja_johnson> compiled.
Entity <dekoderjohnson_muser_symulacja_johnson> (Architecture <behavioral>) compiled.
Entity <fd4ce_mxilinx_symulacja_johnson> compiled.
Entity <fd4ce_mxilinx_symulacja_johnson> (Architecture <behavioral>) compiled.
Entity <koderjohnson_muser_symulacja_johnson> compiled.
Entity <koderjohnson_muser_symulacja_johnson> (Architecture <behavioral>) compiled.
Entity <symulacja_johnson> compiled.
Entity <symulacja_johnson> (Architecture <behavioral>) compiled.
Compiling vhdl file "C:/Xilinx/project/lab3_rejestry/dekoderJohnson.vhf" in Library work.
Architecture behavioral of Entity dekoderjohnson is up to date.
Compiling vhdl file "C:/Xilinx/project/lab3_rejestry/koderJohnson.vhf" in Library work.
Architecture behavioral of Entity fd4ce_mxilinx_koderjohnson is up to date.
Architecture behavioral of Entity koderjohnson is up to date.

=========================================================================
*                     Design Hierarchy Analysis                         *
=========================================================================
Analyzing hierarchy for entity <symulacja_Johnson> in library <work> (architecture <behavioral>).

Analyzing hierarchy for entity <koderJohnson_MUSER_symulacja_Johnson> in library <work> (architecture <behavioral>).

Analyzing hierarchy for entity <dekoderJohnson_MUSER_symulacja_Johnson> in library <work> (architecture <behavioral>).

Analyzing hierarchy for entity <clk_gen_50> in library <work> (architecture <behav>) with generics.
	F1 = 24
	F2 = 7

Analyzing hierarchy for entity <FD4CE_MXILINX_symulacja_Johnson> in library <work> (architecture <behavioral>).


=========================================================================
*                            HDL Analysis                               *
=========================================================================
Analyzing Entity <symulacja_Johnson> in library <work> (Architecture <behavioral>).
    Set user-defined property "LOC =  B8" for signal <clk> in unit <symulacja_Johnson>.
    Set user-defined property "LOC =  R17" for signal <dis> in unit <symulacja_Johnson>.
    Set user-defined property "LOC =  N17" for signal <rst> in unit <symulacja_Johnson>.
    Set user-defined property "LOC =  K13" for signal <B0> in unit <symulacja_Johnson>.
    Set user-defined property "LOC =  L16" for signal <B1> in unit <symulacja_Johnson>.
    Set user-defined property "LOC =  M14" for signal <B2> in unit <symulacja_Johnson>.
    Set user-defined property "LOC =  M16" for signal <B3> in unit <symulacja_Johnson>.
    Set user-defined property "LOC =  L15" for signal <Q0> in unit <symulacja_Johnson>.
    Set user-defined property "LOC =  K12" for signal <Q1> in unit <symulacja_Johnson>.
    Set user-defined property "LOC =  L17" for signal <Q2> in unit <symulacja_Johnson>.
    Set user-defined property "LOC =  M15" for signal <Q3> in unit <symulacja_Johnson>.
WARNING:Xst:753 - "C:/Xilinx/project/lab3_rejestry/symulacja_Johnson.vhf" line 392: Unconnected output port 'f_1' of component 'clk_gen_50'.
Entity <symulacja_Johnson> analyzed. Unit <symulacja_Johnson> generated.

Analyzing Entity <koderJohnson_MUSER_symulacja_Johnson> in library <work> (Architecture <behavioral>).
    Set user-defined property "HU_SET =  XLXI_1_0" for instance <XLXI_1> in unit <koderJohnson_MUSER_symulacja_Johnson>.
Entity <koderJohnson_MUSER_symulacja_Johnson> analyzed. Unit <koderJohnson_MUSER_symulacja_Johnson> generated.

Analyzing Entity <FD4CE_MXILINX_symulacja_Johnson> in library <work> (Architecture <behavioral>).
    Set user-defined property "INIT =  0" for instance <I_Q0> in unit <FD4CE_MXILINX_symulacja_Johnson>.
    Set user-defined property "INIT =  0" for instance <I_Q1> in unit <FD4CE_MXILINX_symulacja_Johnson>.
    Set user-defined property "INIT =  0" for instance <I_Q2> in unit <FD4CE_MXILINX_symulacja_Johnson>.
    Set user-defined property "INIT =  0" for instance <I_Q3> in unit <FD4CE_MXILINX_symulacja_Johnson>.
Entity <FD4CE_MXILINX_symulacja_Johnson> analyzed. Unit <FD4CE_MXILINX_symulacja_Johnson> generated.

Analyzing Entity <dekoderJohnson_MUSER_symulacja_Johnson> in library <work> (Architecture <behavioral>).
Entity <dekoderJohnson_MUSER_symulacja_Johnson> analyzed. Unit <dekoderJohnson_MUSER_symulacja_Johnson> generated.

Analyzing generic Entity <clk_gen_50> in library <work> (Architecture <behav>).
	F1 = 24
	F2 = 7
Entity <clk_gen_50> analyzed. Unit <clk_gen_50> generated.


=========================================================================
*                           HDL Synthesis                               *
=========================================================================

Performing bidirectional port resolution...

Synthesizing Unit <clk_gen_50>.
    Related source file is "C:/Xilinx/project/lab3_rejestry/clk_gen_50.vhd".
    Found 32-bit up counter for signal <counter>.
    Summary:
	inferred   1 Counter(s).
Unit <clk_gen_50> synthesized.


Synthesizing Unit <dekoderJohnson_MUSER_symulacja_Johnson>.
    Related source file is "C:/Xilinx/project/lab3_rejestry/symulacja_Johnson.vhf".
Unit <dekoderJohnson_MUSER_symulacja_Johnson> synthesized.


Synthesizing Unit <FD4CE_MXILINX_symulacja_Johnson>.
    Related source file is "C:/Xilinx/project/lab3_rejestry/symulacja_Johnson.vhf".
Unit <FD4CE_MXILINX_symulacja_Johnson> synthesized.


Synthesizing Unit <koderJohnson_MUSER_symulacja_Johnson>.
    Related source file is "C:/Xilinx/project/lab3_rejestry/symulacja_Johnson.vhf".
Unit <koderJohnson_MUSER_symulacja_Johnson> synthesized.


Synthesizing Unit <symulacja_Johnson>.
    Related source file is "C:/Xilinx/project/lab3_rejestry/symulacja_Johnson.vhf".
Unit <symulacja_Johnson> synthesized.


=========================================================================
HDL Synthesis Report

Macro Statistics
# Counters                                             : 1
 32-bit up counter                                     : 1

=========================================================================

=========================================================================
*                       Advanced HDL Synthesis                          *
=========================================================================


=========================================================================
Advanced HDL Synthesis Report

Macro Statistics
# Counters                                             : 1
 32-bit up counter                                     : 1
# Registers                                            : 4
 Flip-Flops                                            : 4

=========================================================================

=========================================================================
*                         Low Level Synthesis                           *
=========================================================================
WARNING:Xst:2677 - Node <XLXI_3/counter_8> of sequential type is unconnected in block <symulacja_Johnson>.
WARNING:Xst:2677 - Node <XLXI_3/counter_9> of sequential type is unconnected in block <symulacja_Johnson>.
WARNING:Xst:2677 - Node <XLXI_3/counter_10> of sequential type is unconnected in block <symulacja_Johnson>.
WARNING:Xst:2677 - Node <XLXI_3/counter_11> of sequential type is unconnected in block <symulacja_Johnson>.
WARNING:Xst:2677 - Node <XLXI_3/counter_12> of sequential type is unconnected in block <symulacja_Johnson>.
WARNING:Xst:2677 - Node <XLXI_3/counter_13> of sequential type is unconnected in block <symulacja_Johnson>.
WARNING:Xst:2677 - Node <XLXI_3/counter_14> of sequential type is unconnected in block <symulacja_Johnson>.
WARNING:Xst:2677 - Node <XLXI_3/counter_15> of sequential type is unconnected in block <symulacja_Johnson>.
WARNING:Xst:2677 - Node <XLXI_3/counter_16> of sequential type is unconnected in block <symulacja_Johnson>.
WARNING:Xst:2677 - Node <XLXI_3/counter_17> of sequential type is unconnected in block <symulacja_Johnson>.
WARNING:Xst:2677 - Node <XLXI_3/counter_18> of sequential type is unconnected in block <symulacja_Johnson>.
WARNING:Xst:2677 - Node <XLXI_3/counter_19> of sequential type is unconnected in block <symulacja_Johnson>.
WARNING:Xst:2677 - Node <XLXI_3/counter_20> of sequential type is unconnected in block <symulacja_Johnson>.
WARNING:Xst:2677 - Node <XLXI_3/counter_21> of sequential type is unconnected in block <symulacja_Johnson>.
WARNING:Xst:2677 - Node <XLXI_3/counter_22> of sequential type is unconnected in block <symulacja_Johnson>.
WARNING:Xst:2677 - Node <XLXI_3/counter_23> of sequential type is unconnected in block <symulacja_Johnson>.
WARNING:Xst:2677 - Node <XLXI_3/counter_24> of sequential type is unconnected in block <symulacja_Johnson>.
WARNING:Xst:2677 - Node <XLXI_3/counter_25> of sequential type is unconnected in block <symulacja_Johnson>.
WARNING:Xst:2677 - Node <XLXI_3/counter_26> of sequential type is unconnected in block <symulacja_Johnson>.
WARNING:Xst:2677 - Node <XLXI_3/counter_27> of sequential type is unconnected in block <symulacja_Johnson>.
WARNING:Xst:2677 - Node <XLXI_3/counter_28> of sequential type is unconnected in block <symulacja_Johnson>.
WARNING:Xst:2677 - Node <XLXI_3/counter_29> of sequential type is unconnected in block <symulacja_Johnson>.
WARNING:Xst:2677 - Node <XLXI_3/counter_30> of sequential type is unconnected in block <symulacja_Johnson>.
WARNING:Xst:2677 - Node <XLXI_3/counter_31> of sequential type is unconnected in block <symulacja_Johnson>.

Optimizing unit <symulacja_Johnson> ...

Optimizing unit <dekoderJohnson_MUSER_symulacja_Johnson> ...

Optimizing unit <FD4CE_MXILINX_symulacja_Johnson> ...

Mapping all equations...
Building and optimizing final netlist ...
Found area constraint ratio of 100 (+ 5) on block symulacja_Johnson, actual ratio is 0.

Final Macro Processing ...

=========================================================================
Final Register Report

Macro Statistics
# Registers                                            : 12
 Flip-Flops                                            : 12

=========================================================================

=========================================================================
*                           Partition Report                            *
=========================================================================

Partition Implementation Status
-------------------------------

  No Partitions were found in this design.

-------------------------------

=========================================================================
*                            Final Report                               *
=========================================================================
Final Results
RTL Top Level Output File Name     : symulacja_Johnson.ngr
Top Level Output File Name         : symulacja_Johnson
Output Format                      : NGC
Optimization Goal                  : Speed
Keep Hierarchy                     : No

Design Statistics
# IOs                              : 11

Cell Usage :
# BELS                             : 37
#      AND2                        : 1
#      AND2B1                      : 5
#      AND2B2                      : 1
#      GND                         : 1
#      INV                         : 3
#      LUT1                        : 6
#      MUXCY                       : 7
#      OR2                         : 1
#      OR4                         : 2
#      OR5                         : 1
#      VCC                         : 1
#      XORCY                       : 8
# FlipFlops/Latches                : 12
#      FD                          : 8
#      FDCE                        : 4
# Clock Buffers                    : 1
#      BUFGP                       : 1
# IO Buffers                       : 10
#      IBUF                        : 2
#      OBUF                        : 8
=========================================================================

Device utilization summary:
---------------------------

Selected Device : 3s500efg320-4 

 Number of Slices:                        6  out of   4656     0%  
 Number of Slice Flip Flops:             12  out of   9312     0%  
 Number of 4 input LUTs:                  9  out of   9312     0%  
 Number of IOs:                          11
 Number of bonded IOBs:                  11  out of    232     4%  
 Number of GCLKs:                         1  out of     24     4%  

---------------------------
Partition Resource Summary:
---------------------------

  No Partitions were found in this design.

---------------------------


=========================================================================
TIMING REPORT

NOTE: THESE TIMING NUMBERS ARE ONLY A SYNTHESIS ESTIMATE.
      FOR ACCURATE TIMING INFORMATION PLEASE REFER TO THE TRACE REPORT
      GENERATED AFTER PLACE-and-ROUTE.

Clock Information:
------------------
-----------------------------------+-------------------------+-------+
Clock Signal                       | Clock buffer(FF name)   | Load  |
-----------------------------------+-------------------------+-------+
clk                                | BUFGP                   | 8     |
XLXI_3/counter_7                   | NONE(XLXI_1/XLXI_1/I_Q0)| 4     |
-----------------------------------+-------------------------+-------+
INFO:Xst:2169 - HDL ADVISOR - Some clock signals were not automatically buffered by XST with BUFG/BUFR resources. Please use the buffer_type constraint in order to insert these buffers to the clock signals to help prevent skew problems.

Asynchronous Control Signals Information:
----------------------------------------
-----------------------------------+------------------------+-------+
Control Signal                     | Buffer(FF name)        | Load  |
-----------------------------------+------------------------+-------+
rst                                | IBUF                   | 4     |
-----------------------------------+------------------------+-------+

Timing Summary:
---------------
Speed Grade: -4

   Minimum period: 3.761ns (Maximum Frequency: 265.887MHz)
   Minimum input arrival time before clock: 3.484ns
   Maximum output required time after clock: 6.891ns
   Maximum combinational path delay: No path found

Timing Detail:
--------------
All values displayed in nanoseconds (ns)

=========================================================================
Timing constraint: Default period analysis for Clock 'clk'
  Clock period: 3.761ns (frequency: 265.887MHz)
  Total number of paths / destination ports: 36 / 8
-------------------------------------------------------------------------
Delay:               3.761ns (Levels of Logic = 8)
  Source:            XLXI_3/counter_1 (FF)
  Destination:       XLXI_3/counter_7 (FF)
  Source Clock:      clk rising
  Destination Clock: clk rising

  Data Path: XLXI_3/counter_1 to XLXI_3/counter_7
                                Gate     Net
    Cell:in->out      fanout   Delay   Delay  Logical Name (Net Name)
    ----------------------------------------  ------------
     FD:C->Q               1   0.591   0.595  XLXI_3/counter_1 (XLXI_3/counter_1)
     LUT1:I0->O            1   0.704   0.000  XLXI_3/Mcount_counter_cy<1>_rt (XLXI_3/Mcount_counter_cy<1>_rt)
     MUXCY:S->O            1   0.464   0.000  XLXI_3/Mcount_counter_cy<1> (XLXI_3/Mcount_counter_cy<1>)
     MUXCY:CI->O           1   0.059   0.000  XLXI_3/Mcount_counter_cy<2> (XLXI_3/Mcount_counter_cy<2>)
     MUXCY:CI->O           1   0.059   0.000  XLXI_3/Mcount_counter_cy<3> (XLXI_3/Mcount_counter_cy<3>)
     MUXCY:CI->O           1   0.059   0.000  XLXI_3/Mcount_counter_cy<4> (XLXI_3/Mcount_counter_cy<4>)
     MUXCY:CI->O           1   0.059   0.000  XLXI_3/Mcount_counter_cy<5> (XLXI_3/Mcount_counter_cy<5>)
     MUXCY:CI->O           0   0.059   0.000  XLXI_3/Mcount_counter_cy<6> (XLXI_3/Mcount_counter_cy<6>)
     XORCY:CI->O           1   0.804   0.000  XLXI_3/Mcount_counter_xor<7> (Result<7>)
     FD:D                      0.308          XLXI_3/counter_7
    ----------------------------------------
    Total                      3.761ns (3.166ns logic, 0.595ns route)
                                       (84.2% logic, 15.8% route)

=========================================================================
Timing constraint: Default period analysis for Clock 'XLXI_3/counter_7'
  Clock period: 2.692ns (frequency: 371.471MHz)
  Total number of paths / destination ports: 4 / 4
-------------------------------------------------------------------------
Delay:               2.692ns (Levels of Logic = 2)
  Source:            XLXI_1/XLXI_1/I_Q3 (FF)
  Destination:       XLXI_1/XLXI_1/I_Q0 (FF)
  Source Clock:      XLXI_3/counter_7 rising
  Destination Clock: XLXI_3/counter_7 rising

  Data Path: XLXI_1/XLXI_1/I_Q3 to XLXI_1/XLXI_1/I_Q0
                                Gate     Net
    Cell:in->out      fanout   Delay   Delay  Logical Name (Net Name)
    ----------------------------------------  ------------
     FDCE:C->Q             6   0.591   0.669  I_Q3 (Q3)
     end scope: 'XLXI_1/XLXI_1'
     INV:I->O              1   0.704   0.420  XLXI_1/XLXI_2 (XLXI_1/XLXN_11)
     begin scope: 'XLXI_1/XLXI_1'
     FDCE:D                    0.308          I_Q0
    ----------------------------------------
    Total                      2.692ns (1.603ns logic, 1.089ns route)
                                       (59.5% logic, 40.5% route)

=========================================================================
Timing constraint: Default OFFSET IN BEFORE for Clock 'XLXI_3/counter_7'
  Total number of paths / destination ports: 4 / 4
-------------------------------------------------------------------------
Offset:              3.484ns (Levels of Logic = 3)
  Source:            dis (PAD)
  Destination:       XLXI_1/XLXI_1/I_Q0 (FF)
  Destination Clock: XLXI_3/counter_7 rising

  Data Path: dis to XLXI_1/XLXI_1/I_Q0
                                Gate     Net
    Cell:in->out      fanout   Delay   Delay  Logical Name (Net Name)
    ----------------------------------------  ------------
     IBUF:I->O             1   1.218   0.420  dis_IBUF (dis_IBUF)
     INV:I->O              4   0.704   0.587  XLXI_1/XLXI_3 (XLXI_1/XLXN_23)
     begin scope: 'XLXI_1/XLXI_1'
     FDCE:CE                   0.555          I_Q0
    ----------------------------------------
    Total                      3.484ns (2.477ns logic, 1.007ns route)
                                       (71.1% logic, 28.9% route)

=========================================================================
Timing constraint: Default OFFSET OUT AFTER for Clock 'XLXI_3/counter_7'
  Total number of paths / destination ports: 34 / 8
-------------------------------------------------------------------------
Offset:              6.891ns (Levels of Logic = 4)
  Source:            XLXI_1/XLXI_1/I_Q3 (FF)
  Destination:       B0 (PAD)
  Source Clock:      XLXI_3/counter_7 rising

  Data Path: XLXI_1/XLXI_1/I_Q3 to B0
                                Gate     Net
    Cell:in->out      fanout   Delay   Delay  Logical Name (Net Name)
    ----------------------------------------  ------------
     FDCE:C->Q             6   0.591   0.669  I_Q3 (Q3)
     end scope: 'XLXI_1/XLXI_1'
     AND2B1:I0->O          3   0.704   0.531  XLXI_2/XLXI_2 (XLXI_2/XLXN_35)
     OR2:I0->O             1   0.704   0.420  XLXI_2/XLXI_3 (B0_OBUF)
     OBUF:I->O                 3.272          B0_OBUF (B0)
    ----------------------------------------
    Total                      6.891ns (5.271ns logic, 1.620ns route)
                                       (76.5% logic, 23.5% route)

=========================================================================


Total REAL time to Xst completion: 4.00 secs
Total CPU time to Xst completion: 4.80 secs
 
--> 

Total memory usage is 326432 kilobytes

Number of errors   :    0 (   0 filtered)
Number of warnings :   25 (   0 filtered)
Number of infos    :    1 (   0 filtered)

