--------------------------------------------------------------------------------
Release 14.7 Trace  (nt64)
Copyright (c) 1995-2013 Xilinx, Inc.  All rights reserved.

C:\Xilinx\14.7\ISE_DS\ISE\bin\nt64\unwrapped\trce.exe -intstyle ise -v 3 -s 4
-n 3 -fastpaths -xml pomiarT.twx pomiarT.ncd -o pomiarT.twr pomiarT.pcf

Design file:              pomiarT.ncd
Physical constraint file: pomiarT.pcf
Device,package,speed:     xc3s500e,fg320,-4 (PRODUCTION 1.27 2013-10-13)
Report level:             verbose report

Environment Variable      Effect 
--------------------      ------ 
NONE                      No environment variables were set
--------------------------------------------------------------------------------

INFO:Timing:2698 - No timing constraints found, doing default enumeration.
INFO:Timing:3412 - To improve timing, see the Timing Closure User Guide (UG612).
INFO:Timing:2752 - To get complete path coverage, use the unconstrained paths 
   option. All paths that are not constrained will be reported in the 
   unconstrained paths section(s) of the report.
INFO:Timing:3339 - The clock-to-out numbers in this timing report are based on 
   a 50 Ohm transmission line loading model.  For the details of this model, 
   and for more information on accounting for different loading conditions, 
   please see the device datasheet.
INFO:Timing:3390 - This architecture does not support a default System Jitter 
   value, please add SYSTEM_JITTER constraint to the UCF to modify the Clock 
   Uncertainty calculation.
INFO:Timing:3389 - This architecture does not support 'Discrete Jitter' and 
   'Phase Error' calculations, these terms will be zero in the Clock 
   Uncertainty calculation.  Please make appropriate modification to 
   SYSTEM_JITTER to account for the unsupported Discrete Jitter and Phase 
   Error.



Data Sheet report:
-----------------
All values displayed in nanoseconds (ns)

Setup/Hold to clock clk
------------+------------+------------+------------------+--------+
            |Max Setup to|Max Hold to |                  | Clock  |
Source      | clk (edge) | clk (edge) |Internal Clock(s) | Phase  |
------------+------------+------------+------------------+--------+
memory      |    1.931(R)|   -0.344(R)|clk_BUFGP         |   0.000|
memoryswitch|    1.412(R)|    0.087(R)|clk_BUFGP         |   0.000|
reset       |    1.818(R)|   -0.244(R)|clk_BUFGP         |   0.000|
segswitch   |    0.683(R)|    0.672(R)|clk_BUFGP         |   0.000|
startstop   |    0.736(R)|    0.618(R)|clk_BUFGP         |   0.000|
------------+------------+------------+------------------+--------+

Clock clk to Pad
------------+------------+------------------+--------+
            | clk (edge) |                  | Clock  |
Destination |   to PAD   |Internal Clock(s) | Phase  |
------------+------------+------------------+--------+
sseg<0>     |   14.327(R)|clk_BUFGP         |   0.000|
sseg<1>     |   15.424(R)|clk_BUFGP         |   0.000|
sseg<2>     |   15.962(R)|clk_BUFGP         |   0.000|
sseg<3>     |   15.793(R)|clk_BUFGP         |   0.000|
sseg<4>     |   15.255(R)|clk_BUFGP         |   0.000|
sseg<5>     |   13.784(R)|clk_BUFGP         |   0.000|
sseg<6>     |   13.742(R)|clk_BUFGP         |   0.000|
------------+------------+------------------+--------+

Clock to Setup on destination clock clk
---------------+---------+---------+---------+---------+
               | Src:Rise| Src:Fall| Src:Rise| Src:Fall|
Source Clock   |Dest:Rise|Dest:Rise|Dest:Fall|Dest:Fall|
---------------+---------+---------+---------+---------+
clk            |    6.474|    3.341|    3.196|    6.909|
---------------+---------+---------+---------+---------+


Analysis completed Sun May 06 17:30:17 2018 
--------------------------------------------------------------------------------

Trace Settings:
-------------------------
Trace Settings 

Peak Memory Usage: 231 MB



