--------------------------------------------------------------------------------
Release 14.7 Trace  (nt64)
Copyright (c) 1995-2013 Xilinx, Inc.  All rights reserved.

C:\Xilinx\14.7\ISE_DS\ISE\bin\nt64\unwrapped\trce.exe -intstyle ise -v 3 -s 4
-n 3 -fastpaths -xml symulacja.twx symulacja.ncd -o symulacja.twr symulacja.pcf

Design file:              symulacja.ncd
Physical constraint file: symulacja.pcf
Device,package,speed:     xc3s500e,fg320,-4 (PRODUCTION 1.27 2013-10-13)
Report level:             verbose report

Environment Variable      Effect 
--------------------      ------ 
NONE                      No environment variables were set
--------------------------------------------------------------------------------

INFO:Timing:2698 - No timing constraints found, doing default enumeration.
INFO:Timing:3412 - To improve timing, see the Timing Closure User Guide (UG612).
INFO:Timing:2752 - To get complete path coverage, use the unconstrained paths 
   option. All paths that are not constrained will be reported in the 
   unconstrained paths section(s) of the report.
INFO:Timing:3339 - The clock-to-out numbers in this timing report are based on 
   a 50 Ohm transmission line loading model.  For the details of this model, 
   and for more information on accounting for different loading conditions, 
   please see the device datasheet.
INFO:Timing:3390 - This architecture does not support a default System Jitter 
   value, please add SYSTEM_JITTER constraint to the UCF to modify the Clock 
   Uncertainty calculation.
INFO:Timing:3389 - This architecture does not support 'Discrete Jitter' and 
   'Phase Error' calculations, these terms will be zero in the Clock 
   Uncertainty calculation.  Please make appropriate modification to 
   SYSTEM_JITTER to account for the unsupported Discrete Jitter and Phase 
   Error.



Data Sheet report:
-----------------
All values displayed in nanoseconds (ns)

Setup/Hold to clock but
------------+------------+------------+------------------+--------+
            |Max Setup to|Max Hold to |                  | Clock  |
Source      | clk (edge) | clk (edge) |Internal Clock(s) | Phase  |
------------+------------+------------+------------------+--------+
dis         |   -0.686(R)|    2.954(R)|XLXI_1/XLXN_43    |   0.000|
x           |    1.132(R)|    0.782(R)|XLXI_1/XLXN_43    |   0.000|
------------+------------+------------+------------------+--------+

Setup/Hold to clock sel
------------+------------+------------+------------------+--------+
            |Max Setup to|Max Hold to |                  | Clock  |
Source      | clk (edge) | clk (edge) |Internal Clock(s) | Phase  |
------------+------------+------------+------------------+--------+
dis         |   -0.371(R)|    2.560(R)|XLXI_1/XLXN_43    |   0.000|
x           |    1.447(R)|    0.388(R)|XLXI_1/XLXN_43    |   0.000|
------------+------------+------------+------------------+--------+

Clock but to Pad
------------+------------+------------------+--------+
            | clk (edge) |                  | Clock  |
Destination |   to PAD   |Internal Clock(s) | Phase  |
------------+------------+------------------+--------+
sseg<0>     |   15.653(R)|XLXI_1/XLXN_43    |   0.000|
sseg<1>     |   14.121(R)|XLXI_1/XLXN_43    |   0.000|
sseg<2>     |   15.434(R)|XLXI_1/XLXN_43    |   0.000|
sseg<3>     |   14.653(R)|XLXI_1/XLXN_43    |   0.000|
sseg<4>     |   13.583(R)|XLXI_1/XLXN_43    |   0.000|
sseg<5>     |   14.856(R)|XLXI_1/XLXN_43    |   0.000|
sseg<6>     |   14.457(R)|XLXI_1/XLXN_43    |   0.000|
------------+------------+------------------+--------+

Clock sel to Pad
------------+------------+------------------+--------+
            | clk (edge) |                  | Clock  |
Destination |   to PAD   |Internal Clock(s) | Phase  |
------------+------------+------------------+--------+
sseg<0>     |   15.259(R)|XLXI_1/XLXN_43    |   0.000|
sseg<1>     |   13.727(R)|XLXI_1/XLXN_43    |   0.000|
sseg<2>     |   15.040(R)|XLXI_1/XLXN_43    |   0.000|
sseg<3>     |   14.259(R)|XLXI_1/XLXN_43    |   0.000|
sseg<4>     |   13.189(R)|XLXI_1/XLXN_43    |   0.000|
sseg<5>     |   14.462(R)|XLXI_1/XLXN_43    |   0.000|
sseg<6>     |   14.063(R)|XLXI_1/XLXN_43    |   0.000|
------------+------------+------------------+--------+

Clock to Setup on destination clock but
---------------+---------+---------+---------+---------+
               | Src:Rise| Src:Fall| Src:Rise| Src:Fall|
Source Clock   |Dest:Rise|Dest:Rise|Dest:Fall|Dest:Fall|
---------------+---------+---------+---------+---------+
but            |    2.250|         |         |         |
sel            |    2.250|         |         |         |
---------------+---------+---------+---------+---------+

Clock to Setup on destination clock clk
---------------+---------+---------+---------+---------+
               | Src:Rise| Src:Fall| Src:Rise| Src:Fall|
Source Clock   |Dest:Rise|Dest:Rise|Dest:Fall|Dest:Fall|
---------------+---------+---------+---------+---------+
clk            |    4.607|         |         |         |
---------------+---------+---------+---------+---------+

Clock to Setup on destination clock sel
---------------+---------+---------+---------+---------+
               | Src:Rise| Src:Fall| Src:Rise| Src:Fall|
Source Clock   |Dest:Rise|Dest:Rise|Dest:Fall|Dest:Fall|
---------------+---------+---------+---------+---------+
but            |    2.250|         |         |         |
sel            |    2.250|         |         |         |
---------------+---------+---------+---------+---------+


Analysis completed Thu Apr 12 12:08:57 2018 
--------------------------------------------------------------------------------

Trace Settings:
-------------------------
Trace Settings 

Peak Memory Usage: 214 MB



