Release 14.7 - xst P.20131013 (nt64)
Copyright (c) 1995-2013 Xilinx, Inc.  All rights reserved.
--> Parameter TMPDIR set to xst/projnav.tmp


Total REAL time to Xst completion: 0.00 secs
Total CPU time to Xst completion: 0.15 secs
 
--> Parameter xsthdpdir set to xst


Total REAL time to Xst completion: 0.00 secs
Total CPU time to Xst completion: 0.15 secs
 
--> Reading design: automat.prj

TABLE OF CONTENTS
  1) Synthesis Options Summary
  2) HDL Compilation
  3) Design Hierarchy Analysis
  4) HDL Analysis
  5) HDL Synthesis
     5.1) HDL Synthesis Report
  6) Advanced HDL Synthesis
     6.1) Advanced HDL Synthesis Report
  7) Low Level Synthesis
  8) Partition Report
  9) Final Report
	9.1) Device utilization summary
	9.2) Partition Resource Summary
	9.3) TIMING REPORT


=========================================================================
*                      Synthesis Options Summary                        *
=========================================================================
---- Source Parameters
Input File Name                    : "automat.prj"
Input Format                       : mixed
Ignore Synthesis Constraint File   : NO

---- Target Parameters
Output File Name                   : "automat"
Output Format                      : NGC
Target Device                      : xc3s500e-4-fg320

---- Source Options
Top Module Name                    : automat
Automatic FSM Extraction           : YES
FSM Encoding Algorithm             : Auto
Safe Implementation                : No
FSM Style                          : LUT
RAM Extraction                     : Yes
RAM Style                          : Auto
ROM Extraction                     : Yes
Mux Style                          : Auto
Decoder Extraction                 : YES
Priority Encoder Extraction        : Yes
Shift Register Extraction          : YES
Logical Shifter Extraction         : YES
XOR Collapsing                     : YES
ROM Style                          : Auto
Mux Extraction                     : Yes
Resource Sharing                   : YES
Asynchronous To Synchronous        : NO
Multiplier Style                   : Auto
Automatic Register Balancing       : No

---- Target Options
Add IO Buffers                     : YES
Global Maximum Fanout              : 100000
Add Generic Clock Buffer(BUFG)     : 24
Register Duplication               : YES
Slice Packing                      : YES
Optimize Instantiated Primitives   : NO
Use Clock Enable                   : Yes
Use Synchronous Set                : Yes
Use Synchronous Reset              : Yes
Pack IO Registers into IOBs        : Auto
Equivalent register Removal        : YES

---- General Options
Optimization Goal                  : Speed
Optimization Effort                : 1
Keep Hierarchy                     : No
Netlist Hierarchy                  : As_Optimized
RTL Output                         : Yes
Global Optimization                : AllClockNets
Read Cores                         : YES
Write Timing Constraints           : NO
Cross Clock Analysis               : NO
Hierarchy Separator                : /
Bus Delimiter                      : <>
Case Specifier                     : Maintain
Slice Utilization Ratio            : 100
BRAM Utilization Ratio             : 100
Verilog 2001                       : YES
Auto BRAM Packing                  : NO
Slice Utilization Ratio Delta      : 5

=========================================================================


=========================================================================
*                          HDL Compilation                              *
=========================================================================
Compiling vhdl file "C:/Users/kasia/Desktop/aktualne/Elektronika cyfrowa/laby/labratoria seria A/lab 4/lab4B/automat.vhf" in Library work.
Entity <FD4CE_MXILINX_automat> compiled.
Entity <FD4CE_MXILINX_automat> (Architecture <BEHAVIORAL>) compiled.
Entity <automat> compiled.
Entity <automat> (Architecture <BEHAVIORAL>) compiled.

=========================================================================
*                     Design Hierarchy Analysis                         *
=========================================================================
Analyzing hierarchy for entity <automat> in library <work> (architecture <BEHAVIORAL>).

Analyzing hierarchy for entity <FD4CE_MXILINX_automat> in library <work> (architecture <BEHAVIORAL>).


=========================================================================
*                            HDL Analysis                               *
=========================================================================
Analyzing Entity <automat> in library <work> (Architecture <BEHAVIORAL>).
WARNING:Xst:753 - "C:/Users/kasia/Desktop/aktualne/Elektronika cyfrowa/laby/labratoria seria A/lab 4/lab4B/automat.vhf" line 211: Unconnected output port 'Q3' of component 'FD4CE_MXILINX_automat'.
    Set user-defined property "HU_SET =  XLXI_1_0" for instance <XLXI_1> in unit <automat>.
WARNING:Xst:753 - "C:/Users/kasia/Desktop/aktualne/Elektronika cyfrowa/laby/labratoria seria A/lab 4/lab4B/automat.vhf" line 224: Unconnected output port 'Q3' of component 'FD4CE_MXILINX_automat'.
    Set user-defined property "HU_SET =  XLXI_2_1" for instance <XLXI_2> in unit <automat>.
Entity <automat> analyzed. Unit <automat> generated.

Analyzing Entity <FD4CE_MXILINX_automat> in library <work> (Architecture <BEHAVIORAL>).
    Set user-defined property "INIT =  0" for instance <I_Q0> in unit <FD4CE_MXILINX_automat>.
    Set user-defined property "INIT =  0" for instance <I_Q1> in unit <FD4CE_MXILINX_automat>.
    Set user-defined property "INIT =  0" for instance <I_Q2> in unit <FD4CE_MXILINX_automat>.
    Set user-defined property "INIT =  0" for instance <I_Q3> in unit <FD4CE_MXILINX_automat>.
Entity <FD4CE_MXILINX_automat> analyzed. Unit <FD4CE_MXILINX_automat> generated.


=========================================================================
*                           HDL Synthesis                               *
=========================================================================

Performing bidirectional port resolution...

Synthesizing Unit <FD4CE_MXILINX_automat>.
    Related source file is "C:/Users/kasia/Desktop/aktualne/Elektronika cyfrowa/laby/labratoria seria A/lab 4/lab4B/automat.vhf".
Unit <FD4CE_MXILINX_automat> synthesized.


Synthesizing Unit <automat>.
    Related source file is "C:/Users/kasia/Desktop/aktualne/Elektronika cyfrowa/laby/labratoria seria A/lab 4/lab4B/automat.vhf".
WARNING:Xst:653 - Signal <XLXI_2_D3_openSignal> is used but never assigned. This sourceless signal will be automatically connected to value 0.
WARNING:Xst:653 - Signal <XLXI_1_D3_openSignal> is used but never assigned. This sourceless signal will be automatically connected to value 0.
Unit <automat> synthesized.


=========================================================================
HDL Synthesis Report

Found no macro
=========================================================================

=========================================================================
*                       Advanced HDL Synthesis                          *
=========================================================================


=========================================================================
Advanced HDL Synthesis Report

Macro Statistics
# Registers                                            : 8
 Flip-Flops                                            : 8

=========================================================================

=========================================================================
*                         Low Level Synthesis                           *
=========================================================================

Optimizing unit <automat> ...

Optimizing unit <FD4CE_MXILINX_automat> ...

Mapping all equations...
Building and optimizing final netlist ...
Found area constraint ratio of 100 (+ 5) on block automat, actual ratio is 0.

Final Macro Processing ...

=========================================================================
Final Register Report

Macro Statistics
# Registers                                            : 8
 Flip-Flops                                            : 8

=========================================================================

=========================================================================
*                           Partition Report                            *
=========================================================================

Partition Implementation Status
-------------------------------

  No Partitions were found in this design.

-------------------------------

=========================================================================
*                            Final Report                               *
=========================================================================
Final Results
RTL Top Level Output File Name     : automat.ngr
Top Level Output File Name         : automat
Output Format                      : NGC
Optimization Goal                  : Speed
Keep Hierarchy                     : No

Design Statistics
# IOs                              : 12

Cell Usage :
# BELS                             : 14
#      AND2                        : 2
#      AND3B2                      : 2
#      AND3B3                      : 2
#      AND4B1                      : 1
#      AND4B3                      : 1
#      GND                         : 1
#      INV                         : 2
#      OR2                         : 2
#      OR3                         : 1
# FlipFlops/Latches                : 8
#      FDCE                        : 8
# IO Buffers                       : 12
#      IBUF                        : 6
#      OBUF                        : 6
=========================================================================

Device utilization summary:
---------------------------

Selected Device : 3s500efg320-4 

 Number of Slices:                        4  out of   4656     0%  
 Number of Slice Flip Flops:              8  out of   9312     0%  
 Number of 4 input LUTs:                  2  out of   9312     0%  
 Number of IOs:                          12
 Number of bonded IOBs:                  12  out of    232     5%  

---------------------------
Partition Resource Summary:
---------------------------

  No Partitions were found in this design.

---------------------------


=========================================================================
TIMING REPORT

NOTE: THESE TIMING NUMBERS ARE ONLY A SYNTHESIS ESTIMATE.
      FOR ACCURATE TIMING INFORMATION PLEASE REFER TO THE TRACE REPORT
      GENERATED AFTER PLACE-and-ROUTE.

Clock Information:
------------------
-----------------------------------+------------------------+-------+
Clock Signal                       | Clock buffer(FF name)  | Load  |
-----------------------------------+------------------------+-------+
XLXN_161(XLXI_30:O)                | NONE(*)(XLXI_2/I_Q0)   | 8     |
-----------------------------------+------------------------+-------+
(*) This 1 clock signal(s) are generated by combinatorial logic,
and XST is not able to identify which are the primary clock signals.
Please use the CLOCK_SIGNAL constraint to specify the clock signal(s) generated by combinatorial logic.
INFO:Xst:2169 - HDL ADVISOR - Some clock signals were not automatically buffered by XST with BUFG/BUFR resources. Please use the buffer_type constraint in order to insert these buffers to the clock signals to help prevent skew problems.

Asynchronous Control Signals Information:
----------------------------------------
-----------------------------------+------------------------+-------+
Control Signal                     | Buffer(FF name)        | Load  |
-----------------------------------+------------------------+-------+
rst                                | IBUF                   | 8     |
-----------------------------------+------------------------+-------+

Timing Summary:
---------------
Speed Grade: -4

   Minimum period: 3.904ns (Maximum Frequency: 256.148MHz)
   Minimum input arrival time before clock: 4.407ns
   Maximum output required time after clock: 4.620ns
   Maximum combinational path delay: No path found

Timing Detail:
--------------
All values displayed in nanoseconds (ns)

=========================================================================
Timing constraint: Default period analysis for Clock 'XLXN_161'
  Clock period: 3.904ns (frequency: 256.148MHz)
  Total number of paths / destination ports: 18 / 6
-------------------------------------------------------------------------
Delay:               3.904ns (Levels of Logic = 3)
  Source:            XLXI_1/I_Q2 (FF)
  Destination:       XLXI_1/I_Q0 (FF)
  Source Clock:      XLXN_161 rising
  Destination Clock: XLXN_161 rising

  Data Path: XLXI_1/I_Q2 to XLXI_1/I_Q0
                                Gate     Net
    Cell:in->out      fanout   Delay   Delay  Logical Name (Net Name)
    ----------------------------------------  ------------
     FDCE:C->Q             8   0.591   0.757  I_Q2 (Q2)
     end scope: 'XLXI_1'
     AND3B3:I2->O          1   0.704   0.420  XLXI_18 (XLXN_93)
     OR3:I2->O             1   0.704   0.420  XLXI_21 (XLXN_63)
     begin scope: 'XLXI_1'
     FDCE:D                    0.308          I_Q0
    ----------------------------------------
    Total                      3.904ns (2.307ns logic, 1.597ns route)
                                       (59.1% logic, 40.9% route)

=========================================================================
Timing constraint: Default OFFSET IN BEFORE for Clock 'XLXN_161'
  Total number of paths / destination ports: 13 / 11
-------------------------------------------------------------------------
Offset:              4.407ns (Levels of Logic = 4)
  Source:            x (PAD)
  Destination:       XLXI_1/I_Q0 (FF)
  Destination Clock: XLXN_161 rising

  Data Path: x to XLXI_1/I_Q0
                                Gate     Net
    Cell:in->out      fanout   Delay   Delay  Logical Name (Net Name)
    ----------------------------------------  ------------
     IBUF:I->O             5   1.218   0.633  x_IBUF (x_IBUF)
     AND3B3:I0->O          1   0.704   0.420  XLXI_19 (XLXN_94)
     OR3:I1->O             1   0.704   0.420  XLXI_21 (XLXN_63)
     begin scope: 'XLXI_1'
     FDCE:D                    0.308          I_Q0
    ----------------------------------------
    Total                      4.407ns (2.934ns logic, 1.473ns route)
                                       (66.6% logic, 33.4% route)

=========================================================================
Timing constraint: Default OFFSET OUT AFTER for Clock 'XLXN_161'
  Total number of paths / destination ports: 6 / 6
-------------------------------------------------------------------------
Offset:              4.620ns (Levels of Logic = 2)
  Source:            XLXI_1/I_Q2 (FF)
  Destination:       Q2 (PAD)
  Source Clock:      XLXN_161 rising

  Data Path: XLXI_1/I_Q2 to Q2
                                Gate     Net
    Cell:in->out      fanout   Delay   Delay  Logical Name (Net Name)
    ----------------------------------------  ------------
     FDCE:C->Q             8   0.591   0.757  I_Q2 (Q2)
     end scope: 'XLXI_1'
     OBUF:I->O                 3.272          Q2_OBUF (Q2)
    ----------------------------------------
    Total                      4.620ns (3.863ns logic, 0.757ns route)
                                       (83.6% logic, 16.4% route)

=========================================================================


Total REAL time to Xst completion: 8.00 secs
Total CPU time to Xst completion: 8.26 secs
 
--> 

Total memory usage is 310196 kilobytes

Number of errors   :    0 (   0 filtered)
Number of warnings :    4 (   0 filtered)
Number of infos    :    1 (   0 filtered)

