--------------------------------------------------------------------------------
Release 14.7 Trace  (nt64)
Copyright (c) 1995-2013 Xilinx, Inc.  All rights reserved.

C:\Xilinx\14.7\ISE_DS\ISE\bin\nt64\unwrapped\trce.exe -intstyle ise -v 3 -s 4
-n 3 -fastpaths -xml symulacja.twx symulacja.ncd -o symulacja.twr symulacja.pcf

Design file:              symulacja.ncd
Physical constraint file: symulacja.pcf
Device,package,speed:     xc3s500e,fg320,-4 (PRODUCTION 1.27 2013-10-13)
Report level:             verbose report

Environment Variable      Effect 
--------------------      ------ 
NONE                      No environment variables were set
--------------------------------------------------------------------------------

INFO:Timing:2698 - No timing constraints found, doing default enumeration.
INFO:Timing:3412 - To improve timing, see the Timing Closure User Guide (UG612).
INFO:Timing:2752 - To get complete path coverage, use the unconstrained paths 
   option. All paths that are not constrained will be reported in the 
   unconstrained paths section(s) of the report.
INFO:Timing:3339 - The clock-to-out numbers in this timing report are based on 
   a 50 Ohm transmission line loading model.  For the details of this model, 
   and for more information on accounting for different loading conditions, 
   please see the device datasheet.
INFO:Timing:3390 - This architecture does not support a default System Jitter 
   value, please add SYSTEM_JITTER constraint to the UCF to modify the Clock 
   Uncertainty calculation.
INFO:Timing:3389 - This architecture does not support 'Discrete Jitter' and 
   'Phase Error' calculations, these terms will be zero in the Clock 
   Uncertainty calculation.  Please make appropriate modification to 
   SYSTEM_JITTER to account for the unsupported Discrete Jitter and Phase 
   Error.



Data Sheet report:
-----------------
All values displayed in nanoseconds (ns)

Setup/Hold to clock but
------------+------------+------------+------------------+--------+
            |Max Setup to|Max Hold to |                  | Clock  |
Source      | clk (edge) | clk (edge) |Internal Clock(s) | Phase  |
------------+------------+------------+------------------+--------+
dis         |   -0.662(R)|    2.689(R)|XLXI_2/XLXN_161   |   0.000|
x           |    1.656(R)|    1.020(R)|XLXI_2/XLXN_161   |   0.000|
------------+------------+------------+------------------+--------+

Setup/Hold to clock sel
------------+------------+------------+------------------+--------+
            |Max Setup to|Max Hold to |                  | Clock  |
Source      | clk (edge) | clk (edge) |Internal Clock(s) | Phase  |
------------+------------+------------+------------------+--------+
dis         |   -0.356(R)|    2.307(R)|XLXI_2/XLXN_161   |   0.000|
x           |    1.962(R)|    0.638(R)|XLXI_2/XLXN_161   |   0.000|
------------+------------+------------+------------------+--------+

Clock but to Pad
------------+------------+------------------+--------+
            | clk (edge) |                  | Clock  |
Destination |   to PAD   |Internal Clock(s) | Phase  |
------------+------------+------------------+--------+
sseg<0>     |   14.065(R)|XLXI_2/XLXN_161   |   0.000|
sseg<1>     |   13.178(R)|XLXI_2/XLXN_161   |   0.000|
sseg<2>     |   13.700(R)|XLXI_2/XLXN_161   |   0.000|
sseg<3>     |   13.771(R)|XLXI_2/XLXN_161   |   0.000|
sseg<4>     |   12.766(R)|XLXI_2/XLXN_161   |   0.000|
sseg<5>     |   13.140(R)|XLXI_2/XLXN_161   |   0.000|
sseg<6>     |   12.427(R)|XLXI_2/XLXN_161   |   0.000|
------------+------------+------------------+--------+

Clock sel to Pad
------------+------------+------------------+--------+
            | clk (edge) |                  | Clock  |
Destination |   to PAD   |Internal Clock(s) | Phase  |
------------+------------+------------------+--------+
sseg<0>     |   13.683(R)|XLXI_2/XLXN_161   |   0.000|
sseg<1>     |   12.796(R)|XLXI_2/XLXN_161   |   0.000|
sseg<2>     |   13.318(R)|XLXI_2/XLXN_161   |   0.000|
sseg<3>     |   13.389(R)|XLXI_2/XLXN_161   |   0.000|
sseg<4>     |   12.384(R)|XLXI_2/XLXN_161   |   0.000|
sseg<5>     |   12.758(R)|XLXI_2/XLXN_161   |   0.000|
sseg<6>     |   12.045(R)|XLXI_2/XLXN_161   |   0.000|
------------+------------+------------------+--------+

Clock to Setup on destination clock but
---------------+---------+---------+---------+---------+
               | Src:Rise| Src:Fall| Src:Rise| Src:Fall|
Source Clock   |Dest:Rise|Dest:Rise|Dest:Fall|Dest:Fall|
---------------+---------+---------+---------+---------+
but            |    2.659|         |         |         |
sel            |    2.659|         |         |         |
---------------+---------+---------+---------+---------+

Clock to Setup on destination clock clk
---------------+---------+---------+---------+---------+
               | Src:Rise| Src:Fall| Src:Rise| Src:Fall|
Source Clock   |Dest:Rise|Dest:Rise|Dest:Fall|Dest:Fall|
---------------+---------+---------+---------+---------+
clk            |    3.986|         |         |         |
---------------+---------+---------+---------+---------+

Clock to Setup on destination clock sel
---------------+---------+---------+---------+---------+
               | Src:Rise| Src:Fall| Src:Rise| Src:Fall|
Source Clock   |Dest:Rise|Dest:Rise|Dest:Fall|Dest:Fall|
---------------+---------+---------+---------+---------+
but            |    2.659|         |         |         |
sel            |    2.659|         |         |         |
---------------+---------+---------+---------+---------+


Analysis completed Tue Apr 10 20:01:40 2018 
--------------------------------------------------------------------------------

Trace Settings:
-------------------------
Trace Settings 

Peak Memory Usage: 213 MB



